0 info it worked if it ends with ok
1 verbose cli [
1 verbose cli   '/Users/ian/.config/nvm/13.13.0/bin/node',
1 verbose cli   '/Users/ian/projects/try/node_modules/.bin/npm',
1 verbose cli   'run',
1 verbose cli   'build'
1 verbose cli ]
2 info using npm@3.10.10
3 info using node@v13.13.0
4 warn invalid config loglevel="notice"
5 verbose run-script [ 'prebuild', 'build', 'postbuild' ]
6 info lifecycle try-bookshelf-javascript@~prebuild: try-bookshelf-javascript@
7 silly lifecycle try-bookshelf-javascript@~prebuild: no script for prebuild, continuing
8 info lifecycle try-bookshelf-javascript@~build: try-bookshelf-javascript@
9 verbose lifecycle try-bookshelf-javascript@~build: unsafe-perm in lifecycle true
10 verbose lifecycle try-bookshelf-javascript@~build: PATH: /Users/ian/projects/try/node_modules/npm/bin/node-gyp-bin:/Users/ian/projects/try/try-bookshelf/javascript/node_modules/.bin:/Users/ian/projects/try/try-bookshelf/javascript/node_modules/.bin:/Users/ian/projects/try/try-bookshelf/node_modules/.bin:/Users/ian/projects/try/node_modules/.bin:/Users/ian/projects/node_modules/.bin:/Users/ian/node_modules/.bin:/Users/node_modules/.bin:/node_modules/.bin:/Users/ian/.config/nvm/13.13.0/bin:/Users/ian/.config/nvm/13.13.0/lib/node_modules/npm/node_modules/npm-lifecycle/node-gyp-bin:/Users/ian/projects/try/try-bookshelf/node_modules/.bin:/Users/ian/.config/nvm/13.13.0/bin:/Users/ian/.rbenv/shims:/Users/ian/.jenv/shims:/Users/ian/.jenv/bin:/Users/ian/.dotfiles/bin:/usr/local/bin:/usr/bin:/bin:/usr/sbin:/sbin:/opt/X11/bin:/Library/TeX/texbin:/Applications/kitty.app/Contents/MacOS
11 verbose lifecycle try-bookshelf-javascript@~build: CWD: /Users/ian/projects/try/try-bookshelf/javascript
12 silly lifecycle try-bookshelf-javascript@~build: Args: [ '-c', 'tsc' ]
13 info lifecycle try-bookshelf-javascript@~build: Failed to exec build script
14 verbose stack Error: try-bookshelf-javascript@ build: `tsc`
14 verbose stack spawn ENOENT
14 verbose stack     at ChildProcess.<anonymous> (/Users/ian/projects/try/node_modules/npm/lib/utils/spawn.js:33:16)
14 verbose stack     at ChildProcess.emit (events.js:315:20)
14 verbose stack     at maybeClose (internal/child_process.js:1026:16)
14 verbose stack     at Process.ChildProcess._handle.onexit (internal/child_process.js:286:5)
15 verbose pkgid try-bookshelf-javascript@
16 verbose cwd /Users/ian/projects/try/try-bookshelf/javascript
17 error Darwin 19.4.0
18 error argv "/Users/ian/.config/nvm/13.13.0/bin/node" "/Users/ian/projects/try/node_modules/.bin/npm" "run" "build"
19 error node v13.13.0
20 error npm  v3.10.10
21 error file sh
22 error code ELIFECYCLE
23 error errno ENOENT
24 error syscall spawn
25 error try-bookshelf-javascript@ build: `tsc`
25 error spawn ENOENT
26 error Failed at the try-bookshelf-javascript@ build script 'tsc'.
26 error Make sure you have the latest version of node.js and npm installed.
26 error If you do, this is most likely a problem with the try-bookshelf-javascript package,
26 error not with npm itself.
26 error Tell the author that this fails on your system:
26 error     tsc
26 error You can get information on how to open an issue for this project with:
26 error     npm bugs try-bookshelf-javascript
26 error Or if that isn't available, you can get their info via:
26 error     npm owner ls try-bookshelf-javascript
26 error There is likely additional logging output above.
27 verbose exit [ 1, true ]
